2024-01-17 15:16:49,212 [INFO] com.test.ExcelInitializerApplication [restartedMain] Starting ExcelInitializerApplication using Java 17.0.4.1 with PID 16565 (/home/rapidsoft/Documents/rapidsoft-training-exercise/excelInitializer/target/classes started by rapidsoft in /home/rapidsoft/Documents/rapidsoft-training-exercise/excelInitializer)
2024-01-17 15:16:49,213 [DEBUG] com.test.ExcelInitializerApplication [restartedMain] Running with Spring Boot v3.1.8-SNAPSHOT, Spring v6.0.16
2024-01-17 15:16:49,213 [INFO] com.test.ExcelInitializerApplication [restartedMain] No active profile set, falling back to 1 default profile: "default"
2024-01-17 15:16:49,386 [INFO] org.springframework.data.repository.config.RepositoryConfigurationDelegate [restartedMain] Bootstrapping Spring Data JPA repositories in DEFAULT mode.
2024-01-17 15:16:49,401 [INFO] org.springframework.data.repository.config.RepositoryConfigurationDelegate [restartedMain] Finished Spring Data repository scanning in 14 ms. Found 3 JPA repository interfaces.
2024-01-17 15:16:49,527 [INFO] org.springframework.boot.web.embedded.tomcat.TomcatWebServer [restartedMain] Tomcat initialized with port(s): 8080 (http)
2024-01-17 15:16:49,528 [INFO] org.apache.catalina.core.StandardService [restartedMain] Starting service [Tomcat]
2024-01-17 15:16:49,528 [INFO] org.apache.catalina.core.StandardEngine [restartedMain] Starting Servlet engine: [Apache Tomcat/10.1.17]
2024-01-17 15:16:49,540 [INFO] org.apache.catalina.core.ContainerBase.[Tomcat].[localhost].[/] [restartedMain] Initializing Spring embedded WebApplicationContext
2024-01-17 15:16:49,540 [INFO] org.springframework.boot.web.servlet.context.ServletWebServerApplicationContext [restartedMain] Root WebApplicationContext: initialization completed in 325 ms
2024-01-17 15:16:49,562 [DEBUG] com.zaxxer.hikari.HikariConfig [restartedMain] Driver class com.mysql.cj.jdbc.Driver found in Thread context class loader org.springframework.boot.devtools.restart.classloader.RestartClassLoader@44e7d2bd
2024-01-17 15:16:49,589 [INFO] org.hibernate.jpa.internal.util.LogHelper [restartedMain] HHH000204: Processing PersistenceUnitInfo [name: default]
2024-01-17 15:16:49,595 [INFO] org.springframework.orm.jpa.persistenceunit.SpringPersistenceUnitInfo [restartedMain] No LoadTimeWeaver setup: ignoring JPA class transformer
2024-01-17 15:16:49,596 [DEBUG] com.zaxxer.hikari.HikariConfig [restartedMain] HikariPool-8 - configuration:
2024-01-17 15:16:49,599 [DEBUG] com.zaxxer.hikari.HikariConfig [restartedMain] allowPoolSuspension.............false
2024-01-17 15:16:49,600 [DEBUG] com.zaxxer.hikari.HikariConfig [restartedMain] autoCommit......................true
2024-01-17 15:16:49,600 [DEBUG] com.zaxxer.hikari.HikariConfig [restartedMain] catalog.........................none
2024-01-17 15:16:49,600 [DEBUG] com.zaxxer.hikari.HikariConfig [restartedMain] connectionInitSql...............none
2024-01-17 15:16:49,600 [DEBUG] com.zaxxer.hikari.HikariConfig [restartedMain] connectionTestQuery.............none
2024-01-17 15:16:49,600 [DEBUG] com.zaxxer.hikari.HikariConfig [restartedMain] connectionTimeout...............30000
2024-01-17 15:16:49,600 [DEBUG] com.zaxxer.hikari.HikariConfig [restartedMain] dataSource......................none
2024-01-17 15:16:49,600 [DEBUG] com.zaxxer.hikari.HikariConfig [restartedMain] dataSourceClassName.............none
2024-01-17 15:16:49,600 [DEBUG] com.zaxxer.hikari.HikariConfig [restartedMain] dataSourceJNDI..................none
2024-01-17 15:16:49,601 [DEBUG] com.zaxxer.hikari.HikariConfig [restartedMain] dataSourceProperties............{password=<masked>}
2024-01-17 15:16:49,601 [DEBUG] com.zaxxer.hikari.HikariConfig [restartedMain] driverClassName................."com.mysql.cj.jdbc.Driver"
2024-01-17 15:16:49,601 [DEBUG] com.zaxxer.hikari.HikariConfig [restartedMain] exceptionOverrideClassName......none
2024-01-17 15:16:49,601 [DEBUG] com.zaxxer.hikari.HikariConfig [restartedMain] healthCheckProperties...........{}
2024-01-17 15:16:49,602 [DEBUG] com.zaxxer.hikari.HikariConfig [restartedMain] healthCheckRegistry.............none
2024-01-17 15:16:49,602 [DEBUG] com.zaxxer.hikari.HikariConfig [restartedMain] idleTimeout.....................600000
2024-01-17 15:16:49,602 [DEBUG] com.zaxxer.hikari.HikariConfig [restartedMain] initializationFailTimeout.......1
2024-01-17 15:16:49,602 [DEBUG] com.zaxxer.hikari.HikariConfig [restartedMain] isolateInternalQueries..........false
2024-01-17 15:16:49,602 [DEBUG] com.zaxxer.hikari.HikariConfig [restartedMain] jdbcUrl.........................jdbc:mysql://localhost:3306/justTesting?useSSL=false
2024-01-17 15:16:49,602 [DEBUG] com.zaxxer.hikari.HikariConfig [restartedMain] keepaliveTime...................0
2024-01-17 15:16:49,602 [DEBUG] com.zaxxer.hikari.HikariConfig [restartedMain] leakDetectionThreshold..........0
2024-01-17 15:16:49,602 [DEBUG] com.zaxxer.hikari.HikariConfig [restartedMain] maxLifetime.....................1800000
2024-01-17 15:16:49,603 [DEBUG] com.zaxxer.hikari.HikariConfig [restartedMain] maximumPoolSize.................10
2024-01-17 15:16:49,603 [DEBUG] com.zaxxer.hikari.HikariConfig [restartedMain] metricRegistry..................none
2024-01-17 15:16:49,603 [DEBUG] com.zaxxer.hikari.HikariConfig [restartedMain] metricsTrackerFactory...........none
2024-01-17 15:16:49,603 [DEBUG] com.zaxxer.hikari.HikariConfig [restartedMain] minimumIdle.....................10
2024-01-17 15:16:49,603 [DEBUG] com.zaxxer.hikari.HikariConfig [restartedMain] password........................<masked>
2024-01-17 15:16:49,603 [DEBUG] com.zaxxer.hikari.HikariConfig [restartedMain] poolName........................"HikariPool-8"
2024-01-17 15:16:49,603 [DEBUG] com.zaxxer.hikari.HikariConfig [restartedMain] readOnly........................false
2024-01-17 15:16:49,603 [DEBUG] com.zaxxer.hikari.HikariConfig [restartedMain] registerMbeans..................false
2024-01-17 15:16:49,603 [DEBUG] com.zaxxer.hikari.HikariConfig [restartedMain] scheduledExecutor...............none
2024-01-17 15:16:49,603 [DEBUG] com.zaxxer.hikari.HikariConfig [restartedMain] schema..........................none
2024-01-17 15:16:49,603 [DEBUG] com.zaxxer.hikari.HikariConfig [restartedMain] threadFactory...................internal
2024-01-17 15:16:49,603 [DEBUG] com.zaxxer.hikari.HikariConfig [restartedMain] transactionIsolation............default
2024-01-17 15:16:49,604 [DEBUG] com.zaxxer.hikari.HikariConfig [restartedMain] username........................"root"
2024-01-17 15:16:49,604 [DEBUG] com.zaxxer.hikari.HikariConfig [restartedMain] validationTimeout...............5000
2024-01-17 15:16:49,604 [INFO] com.zaxxer.hikari.HikariDataSource [restartedMain] HikariPool-8 - Starting...
2024-01-17 15:16:49,608 [INFO] com.zaxxer.hikari.pool.HikariPool [restartedMain] HikariPool-8 - Added connection com.mysql.cj.jdbc.ConnectionImpl@6b1e115c
2024-01-17 15:16:49,609 [INFO] com.zaxxer.hikari.HikariDataSource [restartedMain] HikariPool-8 - Start completed.
2024-01-17 15:16:49,677 [INFO] org.hibernate.engine.transaction.jta.platform.internal.JtaPlatformInitiator [restartedMain] HHH000489: No JTA platform available (set 'hibernate.transaction.jta.platform' to enable JTA platform integration)
2024-01-17 15:16:49,686 [INFO] org.springframework.orm.jpa.LocalContainerEntityManagerFactoryBean [restartedMain] Initialized JPA EntityManagerFactory for persistence unit 'default'
2024-01-17 15:16:49,709 [DEBUG] com.zaxxer.hikari.pool.HikariPool [HikariPool-8 housekeeper] HikariPool-8 - Pool stats (total=1, active=0, idle=1, waiting=0)
2024-01-17 15:16:49,713 [DEBUG] com.zaxxer.hikari.pool.HikariPool [HikariPool-8 connection adder] HikariPool-8 - Added connection com.mysql.cj.jdbc.ConnectionImpl@50ae7a9f
2024-01-17 15:16:49,728 [DEBUG] com.zaxxer.hikari.pool.HikariPool [HikariPool-8 connection adder] HikariPool-8 - Added connection com.mysql.cj.jdbc.ConnectionImpl@119370a4
2024-01-17 15:16:49,741 [DEBUG] com.zaxxer.hikari.pool.HikariPool [HikariPool-8 connection adder] HikariPool-8 - Added connection com.mysql.cj.jdbc.ConnectionImpl@20480544
2024-01-17 15:16:49,754 [DEBUG] com.zaxxer.hikari.pool.HikariPool [HikariPool-8 connection adder] HikariPool-8 - Added connection com.mysql.cj.jdbc.ConnectionImpl@71bc8feb
2024-01-17 15:16:49,767 [DEBUG] com.zaxxer.hikari.pool.HikariPool [HikariPool-8 connection adder] HikariPool-8 - Added connection com.mysql.cj.jdbc.ConnectionImpl@1d4a848a
2024-01-17 15:16:49,781 [DEBUG] com.zaxxer.hikari.pool.HikariPool [HikariPool-8 connection adder] HikariPool-8 - Added connection com.mysql.cj.jdbc.ConnectionImpl@75f292fe
2024-01-17 15:16:49,794 [DEBUG] com.zaxxer.hikari.pool.HikariPool [HikariPool-8 connection adder] HikariPool-8 - Added connection com.mysql.cj.jdbc.ConnectionImpl@7c4d95c
2024-01-17 15:16:49,808 [DEBUG] com.zaxxer.hikari.pool.HikariPool [HikariPool-8 connection adder] HikariPool-8 - Added connection com.mysql.cj.jdbc.ConnectionImpl@22761eba
2024-01-17 15:16:49,810 [WARN] org.springframework.boot.autoconfigure.orm.jpa.JpaBaseConfiguration$JpaWebConfiguration [restartedMain] spring.jpa.open-in-view is enabled by default. Therefore, database queries may be performed during view rendering. Explicitly configure spring.jpa.open-in-view to disable this warning
2024-01-17 15:16:49,814 [TRACE] org.springframework.security.config.annotation.authentication.configuration.AuthenticationConfiguration$EnableGlobalAuthenticationAutowiredConfigurer [restartedMain] Eagerly initializing {securityConfig=com.test.config.SecurityConfig$$SpringCGLIB$$0@45f1f822}
2024-01-17 15:16:49,815 [DEBUG] org.springframework.security.config.annotation.authentication.configuration.AuthenticationConfiguration$DefaultPasswordEncoderAuthenticationManagerBuilder [restartedMain] No authenticationProviders and no parentAuthenticationManager defined. Returning null.
2024-01-17 15:16:49,821 [DEBUG] com.zaxxer.hikari.pool.HikariPool [HikariPool-8 connection adder] HikariPool-8 - Added connection com.mysql.cj.jdbc.ConnectionImpl@56398c37
2024-01-17 15:16:49,832 [DEBUG] com.zaxxer.hikari.pool.HikariPool [HikariPool-8 connection adder] HikariPool-8 - After adding stats (total=10, active=0, idle=10, waiting=0)
2024-01-17 15:16:49,875 [INFO] org.springframework.security.web.DefaultSecurityFilterChain [restartedMain] Will secure any request with [org.springframework.security.web.session.DisableEncodeUrlFilter@64cb22be, org.springframework.security.web.context.request.async.WebAsyncManagerIntegrationFilter@3119ffe1, org.springframework.security.web.context.SecurityContextHolderFilter@573813cc, org.springframework.security.web.header.HeaderWriterFilter@3d1763a9, org.springframework.security.web.csrf.CsrfFilter@637dd0d3, org.springframework.security.web.authentication.logout.LogoutFilter@4e0057f7, org.springframework.security.oauth2.client.web.OAuth2AuthorizationRequestRedirectFilter@6fb75610, org.springframework.security.oauth2.client.web.OAuth2LoginAuthenticationFilter@23c40bfe, org.springframework.security.web.authentication.UsernamePasswordAuthenticationFilter@7577de84, org.springframework.security.web.authentication.ui.DefaultLoginPageGeneratingFilter@76852134, org.springframework.security.web.authentication.ui.DefaultLogoutPageGeneratingFilter@320189c7, org.springframework.security.web.savedrequest.RequestCacheAwareFilter@5aceaab0, org.springframework.security.web.servletapi.SecurityContextHolderAwareRequestFilter@70091eb7, org.springframework.security.web.authentication.AnonymousAuthenticationFilter@79c9f2fd, org.springframework.security.web.access.ExceptionTranslationFilter@67f9b28c, org.springframework.security.web.access.intercept.AuthorizationFilter@2997175b]
2024-01-17 15:16:49,918 [INFO] org.springframework.boot.devtools.autoconfigure.OptionalLiveReloadServer [restartedMain] LiveReload server is running on port 35729
2024-01-17 15:16:49,925 [INFO] org.springframework.boot.web.embedded.tomcat.TomcatWebServer [restartedMain] Tomcat started on port(s): 8080 (http) with context path ''
2024-01-17 15:16:49,928 [INFO] com.test.ExcelInitializerApplication [restartedMain] Started ExcelInitializerApplication in 0.735 seconds (process running for 636.592)
2024-01-17 15:16:49,930 [INFO] org.springframework.boot.devtools.autoconfigure.ConditionEvaluationDeltaLoggingListener [restartedMain] Condition evaluation unchanged
2024-01-17 15:16:52,489 [INFO] org.apache.catalina.core.ContainerBase.[Tomcat].[localhost].[/] [http-nio-8080-exec-1] Initializing Spring DispatcherServlet 'dispatcherServlet'
2024-01-17 15:16:52,489 [INFO] org.springframework.web.servlet.DispatcherServlet [http-nio-8080-exec-1] Initializing Servlet 'dispatcherServlet'
2024-01-17 15:16:52,491 [INFO] org.springframework.web.servlet.DispatcherServlet [http-nio-8080-exec-1] Completed initialization in 2 ms
2024-01-17 15:16:52,492 [TRACE] org.springframework.security.web.FilterChainProxy [http-nio-8080-exec-1] Trying to match request against DefaultSecurityFilterChain [RequestMatcher=any request, Filters=[org.springframework.security.web.session.DisableEncodeUrlFilter@64cb22be, org.springframework.security.web.context.request.async.WebAsyncManagerIntegrationFilter@3119ffe1, org.springframework.security.web.context.SecurityContextHolderFilter@573813cc, org.springframework.security.web.header.HeaderWriterFilter@3d1763a9, org.springframework.security.web.csrf.CsrfFilter@637dd0d3, org.springframework.security.web.authentication.logout.LogoutFilter@4e0057f7, org.springframework.security.oauth2.client.web.OAuth2AuthorizationRequestRedirectFilter@6fb75610, org.springframework.security.oauth2.client.web.OAuth2LoginAuthenticationFilter@23c40bfe, org.springframework.security.web.authentication.UsernamePasswordAuthenticationFilter@7577de84, org.springframework.security.web.authentication.ui.DefaultLoginPageGeneratingFilter@76852134, org.springframework.security.web.authentication.ui.DefaultLogoutPageGeneratingFilter@320189c7, org.springframework.security.web.savedrequest.RequestCacheAwareFilter@5aceaab0, org.springframework.security.web.servletapi.SecurityContextHolderAwareRequestFilter@70091eb7, org.springframework.security.web.authentication.AnonymousAuthenticationFilter@79c9f2fd, org.springframework.security.web.access.ExceptionTranslationFilter@67f9b28c, org.springframework.security.web.access.intercept.AuthorizationFilter@2997175b]] (1/1)
2024-01-17 15:16:52,492 [DEBUG] org.springframework.security.web.FilterChainProxy [http-nio-8080-exec-1] Securing GET /customer
2024-01-17 15:16:52,492 [TRACE] org.springframework.security.web.FilterChainProxy [http-nio-8080-exec-1] Invoking DisableEncodeUrlFilter (1/16)
2024-01-17 15:16:52,492 [TRACE] org.springframework.security.web.FilterChainProxy [http-nio-8080-exec-1] Invoking WebAsyncManagerIntegrationFilter (2/16)
2024-01-17 15:16:52,492 [TRACE] org.springframework.security.web.FilterChainProxy [http-nio-8080-exec-1] Invoking SecurityContextHolderFilter (3/16)
2024-01-17 15:16:52,492 [TRACE] org.springframework.security.web.FilterChainProxy [http-nio-8080-exec-1] Invoking HeaderWriterFilter (4/16)
2024-01-17 15:16:52,492 [TRACE] org.springframework.security.web.FilterChainProxy [http-nio-8080-exec-1] Invoking CsrfFilter (5/16)
2024-01-17 15:16:52,493 [TRACE] org.springframework.security.web.csrf.CsrfFilter [http-nio-8080-exec-1] Did not protect against CSRF since request did not match CsrfNotRequired [TRACE, HEAD, GET, OPTIONS]
2024-01-17 15:16:52,493 [TRACE] org.springframework.security.web.FilterChainProxy [http-nio-8080-exec-1] Invoking LogoutFilter (6/16)
2024-01-17 15:16:52,493 [TRACE] org.springframework.security.web.authentication.logout.LogoutFilter [http-nio-8080-exec-1] Did not match request to Ant [pattern='/logout', POST]
2024-01-17 15:16:52,493 [TRACE] org.springframework.security.web.FilterChainProxy [http-nio-8080-exec-1] Invoking OAuth2AuthorizationRequestRedirectFilter (7/16)
2024-01-17 15:16:52,493 [TRACE] org.springframework.security.web.FilterChainProxy [http-nio-8080-exec-1] Invoking OAuth2LoginAuthenticationFilter (8/16)
2024-01-17 15:16:52,493 [TRACE] org.springframework.security.oauth2.client.web.OAuth2LoginAuthenticationFilter [http-nio-8080-exec-1] Did not match request to Ant [pattern='/login/oauth2/code/*']
2024-01-17 15:16:52,493 [TRACE] org.springframework.security.web.FilterChainProxy [http-nio-8080-exec-1] Invoking UsernamePasswordAuthenticationFilter (9/16)
2024-01-17 15:16:52,493 [TRACE] org.springframework.security.web.authentication.UsernamePasswordAuthenticationFilter [http-nio-8080-exec-1] Did not match request to Ant [pattern='/login', POST]
2024-01-17 15:16:52,493 [TRACE] org.springframework.security.web.FilterChainProxy [http-nio-8080-exec-1] Invoking DefaultLoginPageGeneratingFilter (10/16)
2024-01-17 15:16:52,493 [TRACE] org.springframework.security.web.FilterChainProxy [http-nio-8080-exec-1] Invoking DefaultLogoutPageGeneratingFilter (11/16)
2024-01-17 15:16:52,493 [TRACE] org.springframework.security.web.authentication.ui.DefaultLogoutPageGeneratingFilter [http-nio-8080-exec-1] Did not render default logout page since request did not match [Ant [pattern='/logout', GET]]
2024-01-17 15:16:52,494 [TRACE] org.springframework.security.web.FilterChainProxy [http-nio-8080-exec-1] Invoking RequestCacheAwareFilter (12/16)
2024-01-17 15:16:52,494 [TRACE] org.springframework.security.web.savedrequest.HttpSessionRequestCache [http-nio-8080-exec-1] matchingRequestParameterName is required for getMatchingRequest to lookup a value, but not provided
2024-01-17 15:16:52,494 [TRACE] org.springframework.security.web.FilterChainProxy [http-nio-8080-exec-1] Invoking SecurityContextHolderAwareRequestFilter (13/16)
2024-01-17 15:16:52,494 [TRACE] org.springframework.security.web.FilterChainProxy [http-nio-8080-exec-1] Invoking AnonymousAuthenticationFilter (14/16)
2024-01-17 15:16:52,494 [TRACE] org.springframework.security.web.FilterChainProxy [http-nio-8080-exec-1] Invoking ExceptionTranslationFilter (15/16)
2024-01-17 15:16:52,494 [TRACE] org.springframework.security.web.FilterChainProxy [http-nio-8080-exec-1] Invoking AuthorizationFilter (16/16)
2024-01-17 15:16:52,494 [TRACE] org.springframework.security.web.access.intercept.RequestMatcherDelegatingAuthorizationManager [http-nio-8080-exec-1] Authorizing SecurityContextHolderAwareRequestWrapper[ org.springframework.security.web.header.HeaderWriterFilter$HeaderWriterRequest@8b822a9]
2024-01-17 15:16:52,494 [TRACE] org.springframework.security.web.access.intercept.RequestMatcherDelegatingAuthorizationManager [http-nio-8080-exec-1] Checking authorization on SecurityContextHolderAwareRequestWrapper[ org.springframework.security.web.header.HeaderWriterFilter$HeaderWriterRequest@8b822a9] using org.springframework.security.config.annotation.web.configurers.AuthorizeHttpRequestsConfigurer$$Lambda$1355/0x00000008008dbd50@2b5dfc7b
2024-01-17 15:16:52,494 [DEBUG] org.springframework.security.web.FilterChainProxy [http-nio-8080-exec-1] Secured GET /customer
2024-01-17 15:16:52,496 [ERROR] com.test.controller.TestController [http-nio-8080-exec-1] FETAL_ERROR
2024-01-17 15:16:52,516 [TRACE] org.springframework.security.web.header.writers.HstsHeaderWriter [http-nio-8080-exec-1] Not injecting HSTS header since it did not match request to [Is Secure]
2024-01-17 15:16:52,517 [TRACE] org.springframework.security.web.context.HttpSessionSecurityContextRepository [http-nio-8080-exec-1] Did not find SecurityContext in HttpSession 19CDAFD5669E29AE34BD02A0C6BF14C6 using the SPRING_SECURITY_CONTEXT session attribute
2024-01-17 15:16:52,517 [TRACE] org.springframework.security.web.context.SupplierDeferredSecurityContext [http-nio-8080-exec-1] Created SecurityContextImpl [Null authentication]
2024-01-17 15:16:52,517 [TRACE] org.springframework.security.web.context.SupplierDeferredSecurityContext [http-nio-8080-exec-1] Created SecurityContextImpl [Null authentication]
2024-01-17 15:16:52,517 [TRACE] org.springframework.security.web.authentication.AnonymousAuthenticationFilter [http-nio-8080-exec-1] Set SecurityContextHolder to AnonymousAuthenticationToken [Principal=anonymousUser, Credentials=[PROTECTED], Authenticated=true, Details=WebAuthenticationDetails [RemoteIpAddress=0:0:0:0:0:0:0:1, SessionId=19CDAFD5669E29AE34BD02A0C6BF14C6], Granted Authorities=[ROLE_ANONYMOUS]]
2024-01-17 15:17:19,709 [DEBUG] com.zaxxer.hikari.pool.HikariPool [HikariPool-8 housekeeper] HikariPool-8 - Pool stats (total=10, active=0, idle=10, waiting=0)
2024-01-17 15:17:19,710 [DEBUG] com.zaxxer.hikari.pool.HikariPool [HikariPool-8 housekeeper] HikariPool-8 - Fill pool skipped, pool has sufficient level or currently being filled (queueDepth=0).
2024-01-17 15:17:49,710 [DEBUG] com.zaxxer.hikari.pool.HikariPool [HikariPool-8 housekeeper] HikariPool-8 - Pool stats (total=10, active=0, idle=10, waiting=0)
2024-01-17 15:17:49,710 [DEBUG] com.zaxxer.hikari.pool.HikariPool [HikariPool-8 housekeeper] HikariPool-8 - Fill pool skipped, pool has sufficient level or currently being filled (queueDepth=0).
2024-01-17 15:18:19,711 [DEBUG] com.zaxxer.hikari.pool.HikariPool [HikariPool-8 housekeeper] HikariPool-8 - Pool stats (total=10, active=0, idle=10, waiting=0)
2024-01-17 15:18:19,711 [DEBUG] com.zaxxer.hikari.pool.HikariPool [HikariPool-8 housekeeper] HikariPool-8 - Fill pool skipped, pool has sufficient level or currently being filled (queueDepth=0).
2024-01-17 15:18:49,711 [DEBUG] com.zaxxer.hikari.pool.HikariPool [HikariPool-8 housekeeper] HikariPool-8 - Pool stats (total=10, active=0, idle=10, waiting=0)
2024-01-17 15:18:49,712 [DEBUG] com.zaxxer.hikari.pool.HikariPool [HikariPool-8 housekeeper] HikariPool-8 - Fill pool skipped, pool has sufficient level or currently being filled (queueDepth=0).
2024-01-17 15:19:19,712 [DEBUG] com.zaxxer.hikari.pool.HikariPool [HikariPool-8 housekeeper] HikariPool-8 - Pool stats (total=10, active=0, idle=10, waiting=0)
2024-01-17 15:19:19,712 [DEBUG] com.zaxxer.hikari.pool.HikariPool [HikariPool-8 housekeeper] HikariPool-8 - Fill pool skipped, pool has sufficient level or currently being filled (queueDepth=0).
2024-01-17 15:19:49,713 [DEBUG] com.zaxxer.hikari.pool.HikariPool [HikariPool-8 housekeeper] HikariPool-8 - Pool stats (total=10, active=0, idle=10, waiting=0)
2024-01-17 15:19:49,713 [DEBUG] com.zaxxer.hikari.pool.HikariPool [HikariPool-8 housekeeper] HikariPool-8 - Fill pool skipped, pool has sufficient level or currently being filled (queueDepth=0).
2024-01-17 15:20:19,713 [DEBUG] com.zaxxer.hikari.pool.HikariPool [HikariPool-8 housekeeper] HikariPool-8 - Pool stats (total=10, active=0, idle=10, waiting=0)
2024-01-17 15:20:19,713 [DEBUG] com.zaxxer.hikari.pool.HikariPool [HikariPool-8 housekeeper] HikariPool-8 - Fill pool skipped, pool has sufficient level or currently being filled (queueDepth=0).
2024-01-17 15:20:49,714 [DEBUG] com.zaxxer.hikari.pool.HikariPool [HikariPool-8 housekeeper] HikariPool-8 - Pool stats (total=10, active=0, idle=10, waiting=0)
2024-01-17 15:20:49,714 [DEBUG] com.zaxxer.hikari.pool.HikariPool [HikariPool-8 housekeeper] HikariPool-8 - Fill pool skipped, pool has sufficient level or currently being filled (queueDepth=0).
2024-01-17 15:21:19,715 [DEBUG] com.zaxxer.hikari.pool.HikariPool [HikariPool-8 housekeeper] HikariPool-8 - Pool stats (total=10, active=0, idle=10, waiting=0)
2024-01-17 15:21:19,715 [DEBUG] com.zaxxer.hikari.pool.HikariPool [HikariPool-8 housekeeper] HikariPool-8 - Fill pool skipped, pool has sufficient level or currently being filled (queueDepth=0).
2024-01-17 15:21:49,716 [DEBUG] com.zaxxer.hikari.pool.HikariPool [HikariPool-8 housekeeper] HikariPool-8 - Pool stats (total=10, active=0, idle=10, waiting=0)
2024-01-17 15:21:49,716 [DEBUG] com.zaxxer.hikari.pool.HikariPool [HikariPool-8 housekeeper] HikariPool-8 - Fill pool skipped, pool has sufficient level or currently being filled (queueDepth=0).
2024-01-17 15:22:19,716 [DEBUG] com.zaxxer.hikari.pool.HikariPool [HikariPool-8 housekeeper] HikariPool-8 - Pool stats (total=10, active=0, idle=10, waiting=0)
2024-01-17 15:22:19,717 [DEBUG] com.zaxxer.hikari.pool.HikariPool [HikariPool-8 housekeeper] HikariPool-8 - Fill pool skipped, pool has sufficient level or currently being filled (queueDepth=0).
2024-01-17 15:22:49,717 [DEBUG] com.zaxxer.hikari.pool.HikariPool [HikariPool-8 housekeeper] HikariPool-8 - Pool stats (total=10, active=0, idle=10, waiting=0)
2024-01-17 15:22:49,717 [DEBUG] com.zaxxer.hikari.pool.HikariPool [HikariPool-8 housekeeper] HikariPool-8 - Fill pool skipped, pool has sufficient level or currently being filled (queueDepth=0).
2024-01-17 15:23:19,718 [DEBUG] com.zaxxer.hikari.pool.HikariPool [HikariPool-8 housekeeper] HikariPool-8 - Pool stats (total=10, active=0, idle=10, waiting=0)
2024-01-17 15:23:19,718 [DEBUG] com.zaxxer.hikari.pool.HikariPool [HikariPool-8 housekeeper] HikariPool-8 - Fill pool skipped, pool has sufficient level or currently being filled (queueDepth=0).
2024-01-17 15:23:49,719 [DEBUG] com.zaxxer.hikari.pool.HikariPool [HikariPool-8 housekeeper] HikariPool-8 - Pool stats (total=10, active=0, idle=10, waiting=0)
2024-01-17 15:23:49,719 [DEBUG] com.zaxxer.hikari.pool.HikariPool [HikariPool-8 housekeeper] HikariPool-8 - Fill pool skipped, pool has sufficient level or currently being filled (queueDepth=0).
2024-01-17 15:24:19,719 [DEBUG] com.zaxxer.hikari.pool.HikariPool [HikariPool-8 housekeeper] HikariPool-8 - Pool stats (total=10, active=0, idle=10, waiting=0)
2024-01-17 15:24:19,720 [DEBUG] com.zaxxer.hikari.pool.HikariPool [HikariPool-8 housekeeper] HikariPool-8 - Fill pool skipped, pool has sufficient level or currently being filled (queueDepth=0).
2024-01-17 15:24:49,720 [DEBUG] com.zaxxer.hikari.pool.HikariPool [HikariPool-8 housekeeper] HikariPool-8 - Pool stats (total=10, active=0, idle=10, waiting=0)
2024-01-17 15:24:49,721 [DEBUG] com.zaxxer.hikari.pool.HikariPool [HikariPool-8 housekeeper] HikariPool-8 - Fill pool skipped, pool has sufficient level or currently being filled (queueDepth=0).
2024-01-17 15:25:19,721 [DEBUG] com.zaxxer.hikari.pool.HikariPool [HikariPool-8 housekeeper] HikariPool-8 - Pool stats (total=10, active=0, idle=10, waiting=0)
2024-01-17 15:25:19,721 [DEBUG] com.zaxxer.hikari.pool.HikariPool [HikariPool-8 housekeeper] HikariPool-8 - Fill pool skipped, pool has sufficient level or currently being filled (queueDepth=0).
2024-01-17 15:25:49,722 [DEBUG] com.zaxxer.hikari.pool.HikariPool [HikariPool-8 housekeeper] HikariPool-8 - Pool stats (total=10, active=0, idle=10, waiting=0)
2024-01-17 15:25:49,722 [DEBUG] com.zaxxer.hikari.pool.HikariPool [HikariPool-8 housekeeper] HikariPool-8 - Fill pool skipped, pool has sufficient level or currently being filled (queueDepth=0).
2024-01-17 15:26:19,722 [DEBUG] com.zaxxer.hikari.pool.HikariPool [HikariPool-8 housekeeper] HikariPool-8 - Pool stats (total=10, active=0, idle=10, waiting=0)
2024-01-17 15:26:19,723 [DEBUG] com.zaxxer.hikari.pool.HikariPool [HikariPool-8 housekeeper] HikariPool-8 - Fill pool skipped, pool has sufficient level or currently being filled (queueDepth=0).
2024-01-17 15:26:49,723 [DEBUG] com.zaxxer.hikari.pool.HikariPool [HikariPool-8 housekeeper] HikariPool-8 - Pool stats (total=10, active=0, idle=10, waiting=0)
2024-01-17 15:26:49,724 [DEBUG] com.zaxxer.hikari.pool.HikariPool [HikariPool-8 housekeeper] HikariPool-8 - Fill pool skipped, pool has sufficient level or currently being filled (queueDepth=0).
2024-01-17 15:27:19,724 [DEBUG] com.zaxxer.hikari.pool.HikariPool [HikariPool-8 housekeeper] HikariPool-8 - Pool stats (total=10, active=0, idle=10, waiting=0)
2024-01-17 15:27:19,724 [DEBUG] com.zaxxer.hikari.pool.HikariPool [HikariPool-8 housekeeper] HikariPool-8 - Fill pool skipped, pool has sufficient level or currently being filled (queueDepth=0).
2024-01-17 15:27:21,141 [INFO] org.springframework.boot.devtools.autoconfigure.LocalDevToolsAutoConfiguration$RestartingClassPathChangeChangedEventListener [File Watcher] Restarting due to 1 class path change (1 addition, 0 deletions, 0 modifications)
2024-01-17 15:27:21,143 [INFO] org.apache.catalina.core.StandardService [Thread-35] Stopping service [Tomcat]
2024-01-17 15:27:21,143 [INFO] org.apache.catalina.core.ContainerBase.[Tomcat].[localhost].[/] [Thread-35] Destroying Spring FrameworkServlet 'dispatcherServlet'
2024-01-17 15:27:21,148 [INFO] org.springframework.orm.jpa.LocalContainerEntityManagerFactoryBean [Thread-35] Closing JPA EntityManagerFactory for persistence unit 'default'
2024-01-17 15:27:21,148 [INFO] com.zaxxer.hikari.HikariDataSource [Thread-35] HikariPool-8 - Shutdown initiated...
2024-01-17 15:27:21,149 [DEBUG] com.zaxxer.hikari.pool.HikariPool [Thread-35] HikariPool-8 - Before shutdown stats (total=10, active=0, idle=10, waiting=0)
2024-01-17 15:27:21,149 [DEBUG] com.zaxxer.hikari.pool.PoolBase [HikariPool-8 connection closer] HikariPool-8 - Closing connection com.mysql.cj.jdbc.ConnectionImpl@6b1e115c: (connection evicted)
2024-01-17 15:27:21,150 [DEBUG] com.zaxxer.hikari.pool.PoolBase [HikariPool-8 connection closer] HikariPool-8 - Closing connection com.mysql.cj.jdbc.ConnectionImpl@50ae7a9f: (connection evicted)
2024-01-17 15:27:21,150 [DEBUG] com.zaxxer.hikari.pool.PoolBase [HikariPool-8 connection closer] HikariPool-8 - Closing connection com.mysql.cj.jdbc.ConnectionImpl@119370a4: (connection evicted)
2024-01-17 15:27:21,151 [DEBUG] com.zaxxer.hikari.pool.PoolBase [HikariPool-8 connection closer] HikariPool-8 - Closing connection com.mysql.cj.jdbc.ConnectionImpl@20480544: (connection evicted)
2024-01-17 15:27:21,151 [DEBUG] com.zaxxer.hikari.pool.PoolBase [HikariPool-8 connection closer] HikariPool-8 - Closing connection com.mysql.cj.jdbc.ConnectionImpl@71bc8feb: (connection evicted)
2024-01-17 15:27:21,151 [DEBUG] com.zaxxer.hikari.pool.PoolBase [HikariPool-8 connection closer] HikariPool-8 - Closing connection com.mysql.cj.jdbc.ConnectionImpl@1d4a848a: (connection evicted)
2024-01-17 15:27:21,152 [DEBUG] com.zaxxer.hikari.pool.PoolBase [HikariPool-8 connection closer] HikariPool-8 - Closing connection com.mysql.cj.jdbc.ConnectionImpl@75f292fe: (connection evicted)
2024-01-17 15:27:21,152 [DEBUG] com.zaxxer.hikari.pool.PoolBase [HikariPool-8 connection closer] HikariPool-8 - Closing connection com.mysql.cj.jdbc.ConnectionImpl@7c4d95c: (connection evicted)
2024-01-17 15:27:21,152 [DEBUG] com.zaxxer.hikari.pool.PoolBase [HikariPool-8 connection closer] HikariPool-8 - Closing connection com.mysql.cj.jdbc.ConnectionImpl@22761eba: (connection evicted)
2024-01-17 15:27:21,153 [DEBUG] com.zaxxer.hikari.pool.PoolBase [HikariPool-8 connection closer] HikariPool-8 - Closing connection com.mysql.cj.jdbc.ConnectionImpl@56398c37: (connection evicted)
2024-01-17 15:27:21,153 [DEBUG] com.zaxxer.hikari.pool.HikariPool [Thread-35] HikariPool-8 - After shutdown stats (total=0, active=0, idle=0, waiting=0)
2024-01-17 15:27:21,154 [INFO] com.zaxxer.hikari.HikariDataSource [Thread-35] HikariPool-8 - Shutdown completed.
